  main.cpp
c:\users\administrator\source\repos\my-warehouse\c++\10-10-vector练习\10-10-vector练习\main.cpp(172): warning C4477: “printf”: 格式字符串“%p”需要类型“void *”的参数，但可变参数 3 拥有了类型“std::_Vector_iterator<std::_Vector_val<std::_Simple_types<_Ty>>>”
          with
          [
              _Ty=int
          ]
c:\users\administrator\source\repos\my-warehouse\c++\10-10-vector练习\10-10-vector练习\main.cpp(174): warning C4477: “printf”: 格式字符串“%p”需要类型“void *”的参数，但可变参数 3 拥有了类型“std::_Vector_iterator<std::_Vector_val<std::_Simple_types<_Ty>>>”
          with
          [
              _Ty=int
          ]
c:\users\administrator\source\repos\my-warehouse\c++\10-10-vector练习\10-10-vector练习\main.cpp(176): warning C4477: “printf”: 格式字符串“%p”需要类型“void *”的参数，但可变参数 3 拥有了类型“std::_Vector_iterator<std::_Vector_val<std::_Simple_types<_Ty>>>”
          with
          [
              _Ty=int
          ]
c:\users\administrator\source\repos\my-warehouse\c++\10-10-vector练习\10-10-vector练习\main.cpp(178): warning C4477: “printf”: 格式字符串“%p”需要类型“void *”的参数，但可变参数 3 拥有了类型“std::_Vector_iterator<std::_Vector_val<std::_Simple_types<_Ty>>>”
          with
          [
              _Ty=int
          ]
  10-10-vector练习.vcxproj -> C:\Users\Administrator\source\repos\My-warehouse\C++\10-10-vector练习\Debug\10-10-vector练习.exe
