  main.cpp
c:\users\administrator\desktop\github\my-warehouse\c++\3-7-学习unordered_map\3-7-学习unordered_map\hashbucket.hpp(221): error C2678: 二进制“!=”: 没有找到接受“HBIterator<T,DF>”类型的左操作数的运算符(或没有可接受的转换)
          with
          [
              T=int,
              DF=DFDef<int>
          ]
  c:\users\administrator\desktop\github\my-warehouse\c++\3-7-学习unordered_map\3-7-学习unordered_map\hashbucket.hpp(46): note: 可能是“bool HBIterator<T,DF>::operator !=(HBIterator<T,DF> &)”
          with
          [
              T=int,
              DF=DFDef<int>
          ]
  c:\program files (x86)\microsoft visual studio\2017\professional\vc\tools\msvc\14.16.27023\include\system_error(306): note: 或    “bool std::operator !=(const std::error_condition &,const std::error_condition &) noexcept”
  c:\program files (x86)\microsoft visual studio\2017\professional\vc\tools\msvc\14.16.27023\include\system_error(301): note: 或    “bool std::operator !=(const std::error_condition &,const std::error_code &) noexcept”
  c:\program files (x86)\microsoft visual studio\2017\professional\vc\tools\msvc\14.16.27023\include\system_error(296): note: 或    “bool std::operator !=(const std::error_code &,const std::error_condition &) noexcept”
  c:\program files (x86)\microsoft visual studio\2017\professional\vc\tools\msvc\14.16.27023\include\system_error(291): note: 或    “bool std::operator !=(const std::error_code &,const std::error_code &) noexcept”
  c:\program files (x86)\microsoft visual studio\2017\professional\vc\tools\msvc\14.16.27023\include\exception(346): note: 或    “bool std::operator !=(const std::exception_ptr &,std::nullptr_t) noexcept”
  c:\program files (x86)\microsoft visual studio\2017\professional\vc\tools\msvc\14.16.27023\include\exception(341): note: 或    “bool std::operator !=(std::nullptr_t,const std::exception_ptr &) noexcept”
  c:\program files (x86)\microsoft visual studio\2017\professional\vc\tools\msvc\14.16.27023\include\exception(336): note: 或    “bool std::operator !=(const std::exception_ptr &,const std::exception_ptr &) noexcept”
  c:\users\administrator\desktop\github\my-warehouse\c++\3-7-学习unordered_map\3-7-学习unordered_map\hashbucket.hpp(221): note: 尝试匹配参数列表“(HBIterator<T,DF>, HBIterator<T,DF>)”时
          with
          [
              T=int,
              DF=DFDef<int>
          ]
