c:\users\lmjian\documents\visual studio 2013\projects\project2\project2\debug\vc120.pdb
c:\users\lmjian\documents\visual studio 2013\projects\project2\project2\debug\vc120.idb
c:\users\lmjian\documents\visual studio 2013\projects\project2\project2\debug\seqlist.obj
c:\users\lmjian\documents\visual studio 2013\projects\project2\project2\debug\main.obj
c:\users\lmjian\documents\visual studio 2013\projects\project2\debug\project2.ilk
c:\users\lmjian\documents\visual studio 2013\projects\project2\debug\project2.exe
c:\users\lmjian\documents\visual studio 2013\projects\project2\debug\project2.pdb
c:\users\lmjian\documents\visual studio 2013\projects\seqlist\project2\debug\main.obj
c:\users\lmjian\documents\visual studio 2013\projects\seqlist\project2\debug\seqlist.obj
c:\users\lmjian\documents\visual studio 2013\projects\seqlist\project2\debug\vc120.idb
c:\users\lmjian\documents\visual studio 2013\projects\seqlist\project2\debug\vc120.pdb
c:\users\lmjian\documents\visual studio 2013\projects\seqlist\debug\project2.pdb
c:\users\lmjian\documents\visual studio 2013\projects\seqlist\debug\project2.exe
c:\users\lmjian\documents\visual studio 2013\projects\seqlist\debug\project2.ilk
c:\users\lmjian\documents\visual studio 2013\projects\seqlist\project2\debug\project2.tlog\cl.command.1.tlog
c:\users\lmjian\documents\visual studio 2013\projects\seqlist\project2\debug\project2.tlog\cl.read.1.tlog
c:\users\lmjian\documents\visual studio 2013\projects\seqlist\project2\debug\project2.tlog\cl.write.1.tlog
c:\users\lmjian\documents\visual studio 2013\projects\seqlist\project2\debug\project2.tlog\link.command.1.tlog
c:\users\lmjian\documents\visual studio 2013\projects\seqlist\project2\debug\project2.tlog\link.read.1.tlog
c:\users\lmjian\documents\visual studio 2013\projects\seqlist\project2\debug\project2.tlog\link.write.1.tlog
